<?xml version="1.0" encoding="UTF-8"?>
<testng-results ignored="0" total="1" passed="1" failed="0" skipped="0">
  <reporter-output>
  </reporter-output>
  <suite started-at="2024-06-12T15:53:31 IST" name="Default suite" finished-at="2024-06-12T15:53:41 IST" duration-ms="9873">
    <groups>
    </groups>
    <test started-at="2024-06-12T15:53:31 IST" name="Default test" finished-at="2024-06-12T15:53:41 IST" duration-ms="9873">
      <class name="test.BlazeDemoRegisterTEST">
        <test-method is-config="true" signature="bt()[pri:0, instance:test.BlazeDemoRegisterTEST@6cf0e0ba]" started-at="2024-06-12T15:53:31 IST" name="bt" finished-at="2024-06-12T15:53:36 IST" duration-ms="4469" status="PASS">
          <reporter-output>
          </reporter-output>
        </test-method> <!-- bt -->
        <test-method is-config="true" signature="bm()[pri:0, instance:test.BlazeDemoRegisterTEST@6cf0e0ba]" started-at="2024-06-12T15:53:36 IST" name="bm" finished-at="2024-06-12T15:53:38 IST" duration-ms="2312" status="PASS">
          <reporter-output>
          </reporter-output>
        </test-method> <!-- bm -->
        <test-method signature="testa()[pri:0, instance:test.BlazeDemoRegisterTEST@6cf0e0ba]" started-at="2024-06-12T15:53:38 IST" name="testa" finished-at="2024-06-12T15:53:41 IST" duration-ms="2988" status="PASS">
          <reporter-output>
          </reporter-output>
        </test-method> <!-- testa -->
      </class> <!-- test.BlazeDemoRegisterTEST -->
    </test> <!-- Default test -->
  </suite> <!-- Default suite -->
</testng-results>
